
**** Build of configuration Release for project lldb ****

make all 
Building file: ../nldb.cpp
Invoking: GCC C++ Compiler
g++ -I"/home/kangmo/lldb/src/externals/boost" -I"/home/kangmo/lldb/src/include" -I"/home/kangmo/lldb/src/txbase" -I"/home/kangmo/lldb/src/kat" -I"/home/kangmo/lldb/src/externals/tokyocabinet" -I"/home/kangmo/lldb/src/externals/leveldb/include" -I"/home/kangmo/lldb/src/externals/libxs/include" -O3 -Wall -c -fmessage-length=0 -std=c++0x -fPIC -MMD -MP -MF"nldb.d" -MT"nldb.d" -o "nldb.o" "../nldb.cpp"
In file included from /home/kangmo/lldb/src/kat/katt/sequencer.h:9:0,
                 from /home/kangmo/lldb/src/kat/katt/ring_buffer.h:10,
                 from ../nldb.cpp:15:
/home/kangmo/lldb/src/kat/katt/sequence_barrier.h: In constructor ‘katt::ProcessingSequenceBarrier::ProcessingSequenceBarrier(katt::WaitStrategyInterface*, katt::Sequence*, const std::vector<katt::Sequence*>&)’:
/home/kangmo/lldb/src/kat/katt/sequence_barrier.h:57:15: warning: ‘katt::ProcessingSequenceBarrier::cursor_’ will be initialized after [-Wreorder]
/home/kangmo/lldb/src/kat/katt/sequence_barrier.h:56:28: warning:   ‘katt::WaitStrategyInterface* katt::ProcessingSequenceBarrier::wait_strategy_’ [-Wreorder]
/home/kangmo/lldb/src/kat/katt/sequence_barrier.h:14:5: warning:   when initialized here [-Wreorder]
In file included from ../nldb_transaction_log_buffer.h:10:0,
                 from ../nldb_txevent.h:23,
                 from ../nldb.cpp:20:
../nldb_transaction_log_redoer.h: In constructor ‘TxTransactionLogRedoer::TxTransactionLogRedoer(nldb_db_holder_t*&)’:
../nldb_transaction_log_redoer.h:30:54: warning: comparison between signed and unsigned integer expressions [-Wsign-compare]
In file included from ../nldb.cpp:20:0:
../nldb_txevent.h: In member function ‘virtual void TxTransactionLogPublisher::OnEvent(const int64_t&, const bool&, TxTransactionEvent*)’:
../nldb_txevent.h:162:99: warning: format ‘%lld’ expects argument of type ‘long long int’, but argument 2 has type ‘int64_t {aka long int}’ [-Wformat]
../nldb.cpp: In constructor ‘TxTransactionsLogs::Replicator::Replicator(const nldb_db_id_t&, TxTransactionsLogs*, const string&, short unsigned int)’:
../nldb.cpp:148:29: warning: ‘TxTransactionsLogs::Replicator::logPublisher’ will be initialized after [-Wreorder]
../nldb.cpp:141:46: warning:   ‘std::unique_ptr<katt::ProcessingSequenceBarrier> TxTransactionsLogs::Replicator::first_barrier’ [-Wreorder]
../nldb.cpp:120:3: warning:   when initialized here [-Wreorder]
../nldb.cpp: In member function ‘void TxTransactionsLogs::waitForReplicationPublishers()’:
../nldb.cpp:217:36: warning: comparison between signed and unsigned integer expressions [-Wsign-compare]
../nldb.cpp: In function ‘const nldb_db_id_t& nldb_db_id(nldb_db_holder_t* const&)’:
../nldb.cpp:649:20: warning: returning reference to temporary [enabled by default]
Finished building: ../nldb.cpp
 
Building file: ../nldb_plugin_boost.cpp
Invoking: GCC C++ Compiler
g++ -I"/home/kangmo/lldb/src/externals/boost" -I"/home/kangmo/lldb/src/include" -I"/home/kangmo/lldb/src/txbase" -I"/home/kangmo/lldb/src/kat" -I"/home/kangmo/lldb/src/externals/tokyocabinet" -I"/home/kangmo/lldb/src/externals/leveldb/include" -I"/home/kangmo/lldb/src/externals/libxs/include" -O3 -Wall -c -fmessage-length=0 -std=c++0x -fPIC -MMD -MP -MF"nldb_plugin_boost.d" -MT"nldb_plugin_boost.d" -o "nldb_plugin_boost.o" "../nldb_plugin_boost.cpp"
Finished building: ../nldb_plugin_boost.cpp
 
Building file: ../nldb_plugin_leveldb.cpp
Invoking: GCC C++ Compiler
g++ -I"/home/kangmo/lldb/src/externals/boost" -I"/home/kangmo/lldb/src/include" -I"/home/kangmo/lldb/src/txbase" -I"/home/kangmo/lldb/src/kat" -I"/home/kangmo/lldb/src/externals/tokyocabinet" -I"/home/kangmo/lldb/src/externals/leveldb/include" -I"/home/kangmo/lldb/src/externals/libxs/include" -O3 -Wall -c -fmessage-length=0 -std=c++0x -fPIC -MMD -MP -MF"nldb_plugin_leveldb.d" -MT"nldb_plugin_leveldb.d" -o "nldb_plugin_leveldb.o" "../nldb_plugin_leveldb.cpp"
Finished building: ../nldb_plugin_leveldb.cpp
 
Building file: ../nldb_plugin_tc.cpp
Invoking: GCC C++ Compiler
g++ -I"/home/kangmo/lldb/src/externals/boost" -I"/home/kangmo/lldb/src/include" -I"/home/kangmo/lldb/src/txbase" -I"/home/kangmo/lldb/src/kat" -I"/home/kangmo/lldb/src/externals/tokyocabinet" -I"/home/kangmo/lldb/src/externals/leveldb/include" -I"/home/kangmo/lldb/src/externals/libxs/include" -O3 -Wall -c -fmessage-length=0 -std=c++0x -fPIC -MMD -MP -MF"nldb_plugin_tc.d" -MT"nldb_plugin_tc.d" -o "nldb_plugin_tc.o" "../nldb_plugin_tc.cpp"
Finished building: ../nldb_plugin_tc.cpp
 
Building file: ../nldb_repl_slave_thread.cpp
Invoking: GCC C++ Compiler
g++ -I"/home/kangmo/lldb/src/externals/boost" -I"/home/kangmo/lldb/src/include" -I"/home/kangmo/lldb/src/txbase" -I"/home/kangmo/lldb/src/kat" -I"/home/kangmo/lldb/src/externals/tokyocabinet" -I"/home/kangmo/lldb/src/externals/leveldb/include" -I"/home/kangmo/lldb/src/externals/libxs/include" -O3 -Wall -c -fmessage-length=0 -std=c++0x -fPIC -MMD -MP -MF"nldb_repl_slave_thread.d" -MT"nldb_repl_slave_thread.d" -o "nldb_repl_slave_thread.o" "../nldb_repl_slave_thread.cpp"
In file included from ../nldb_transaction_log_buffer.h:10:0,
                 from ../nldb_repl_slave_thread.cpp:17:
../nldb_transaction_log_redoer.h: In constructor ‘TxTransactionLogRedoer::TxTransactionLogRedoer(nldb_db_holder_t*&)’:
../nldb_transaction_log_redoer.h:30:54: warning: comparison between signed and unsigned integer expressions [-Wsign-compare]
../nldb_repl_slave_thread.cpp: In constructor ‘LogReplayer::LogReplayer(nldb_db_holder_t*&, const string&, short unsigned int)’:
../nldb_repl_slave_thread.cpp:42:25: warning: ‘LogReplayer::log_redoer_’ will be initialized after [-Wreorder]
../nldb_repl_slave_thread.cpp:38:17: warning:   ‘std::string LogReplayer::master_ip_’ [-Wreorder]
../nldb_repl_slave_thread.cpp:24:5: warning:   when initialized here [-Wreorder]
../nldb_repl_slave_thread.cpp: In function ‘void replication_slave_thread_func(nldb_db_holder_t*&, const string&, short unsigned int)’:
../nldb_repl_slave_thread.cpp:123:119: warning: format ‘%d’ expects argument of type ‘int’, but argument 2 has type ‘size_t {aka long unsigned int}’ [-Wformat]
../nldb_transaction_log_redoer.h:75:54: warning: ‘table’ may be used uninitialized in this function [-Wuninitialized]
../nldb_transaction_log_redoer.h:59:18: note: ‘table’ was declared here
Finished building: ../nldb_repl_slave_thread.cpp
 
Building target: liblldb.so
Invoking: GCC C++ Linker
g++ -L"/home/kangmo/lldb/src/externals/tokyocabinet" -L"/home/kangmo/lldb/src/externals/leveldb" -L"/home/kangmo/lldb/src/externals/libxs/src/.libs" -L"/home/kangmo/lldb/src/externals/boost/stage/lib" -shared -o "liblldb.so"  ./nldb.o ./nldb_plugin_boost.o ./nldb_plugin_leveldb.o ./nldb_plugin_tc.o ./nldb_repl_slave_thread.o   -l:libleveldb.a -l:libxs.a -l:libtokyocabinet.a -l:libbz2.so -l:libboost_thread.a -l:libz.so -l:libpthread.so -l:libdl.so -l:librt.so
Finished building target: liblldb.so
 

**** Build Finished ****
